<?xml version="1.0" encoding="utf-8"?><testsuites name="pytest tests"><testsuite name="pytest" errors="0" failures="0" skipped="0" tests="7" time="2.197" timestamp="2026-01-23T05:51:49.226670+00:00" hostname="agent-env-ea54e789-a86c-47a1-94ce-8cc855fa9d5e"><testcase classname="backend.tests.test_customer_health.TestCustomerHealthAPI" name="test_customer_health_widget_endpoint" time="0.319" /><testcase classname="backend.tests.test_customer_health.TestCustomerHealthAPI" name="test_customer_health_scores_endpoint" time="0.284" /><testcase classname="backend.tests.test_customer_health.TestCustomerHealthAPI" name="test_customer_health_scores_with_limit" time="0.278" /><testcase classname="backend.tests.test_customer_health.TestCustomerHealthAPI" name="test_customer_health_scores_with_filter" time="0.316" /><testcase classname="backend.tests.test_customer_health.TestCustomerHealthAPI" name="test_customer_health_score_structure" time="0.279" /><testcase classname="backend.tests.test_customer_health.TestCustomerHealthAPI" name="test_customer_health_widget_unauthorized" time="0.293" /><testcase classname="backend.tests.test_customer_health.TestCustomerHealthAPI" name="test_customer_health_scores_unauthorized" time="0.290" /></testsuite></testsuites>