<?xml version="1.0" encoding="utf-8"?><testsuites name="pytest tests"><testsuite name="pytest" errors="0" failures="0" skipped="0" tests="7" time="12.544" timestamp="2026-01-08T20:32:36.394384+00:00" hostname="agent-env-970d1997-84f3-4154-ade6-aa5956ca3083"><testcase classname="tests.test_dashboard_notifications.TestDashboardOverview" name="test_dashboard_overview" time="0.325" /><testcase classname="tests.test_dashboard_notifications.TestDashboardOverview" name="test_dashboard_revenue_analytics" time="0.305" /><testcase classname="tests.test_dashboard_notifications.TestDashboardOverview" name="test_dashboard_ai_insights" time="10.327" /><testcase classname="tests.test_dashboard_notifications.TestNotificationBell" name="test_notification_count" time="0.339" /><testcase classname="tests.test_dashboard_notifications.TestNotificationBell" name="test_get_notifications" time="0.309" /><testcase classname="tests.test_dashboard_notifications.TestNotificationBell" name="test_generate_alerts" time="0.346" /><testcase classname="tests.test_dashboard_notifications.TestNotificationBell" name="test_mark_all_read" time="0.445" /></testsuite></testsuites>