<?xml version="1.0" encoding="utf-8"?><testsuites name="pytest tests"><testsuite name="pytest" errors="0" failures="0" skipped="0" tests="17" time="2.560" timestamp="2026-01-22T21:26:39.798144+00:00" hostname="agent-env-b9bd88b4-d5dc-40d1-b214-93478315a6b8"><testcase classname="tests.test_p1_p2_features.TestAuthentication" name="test_login_success" time="0.336" /><testcase classname="tests.test_p1_p2_features.TestCustomFields" name="test_get_custom_fields_crm_leads" time="0.305" /><testcase classname="tests.test_p1_p2_features.TestCustomFields" name="test_custom_fields_have_correct_types" time="0.041" /><testcase classname="tests.test_p1_p2_features.TestCustomFields" name="test_custom_fields_have_sections" time="0.044" /><testcase classname="tests.test_p1_p2_features.TestDocumentTemplates" name="test_get_document_templates" time="0.346" /><testcase classname="tests.test_p1_p2_features.TestAnalyticsExports" name="test_export_sales_pdf" time="0.315" /><testcase classname="tests.test_p1_p2_features.TestAnalyticsExports" name="test_export_sales_excel" time="0.044" /><testcase classname="tests.test_p1_p2_features.TestAnalyticsExports" name="test_export_inventory_pdf" time="0.048" /><testcase classname="tests.test_p1_p2_features.TestAnalyticsExports" name="test_export_inventory_excel" time="0.040" /><testcase classname="tests.test_p1_p2_features.TestAnalyticsExports" name="test_export_customers_pdf" time="0.046" /><testcase classname="tests.test_p1_p2_features.TestAnalyticsExports" name="test_export_customers_excel" time="0.047" /><testcase classname="tests.test_p1_p2_features.TestAnalyticsExports" name="test_export_invalid_report_type" time="0.040" /><testcase classname="tests.test_p1_p2_features.TestAnalyticsDashboard" name="test_get_dashboard_kpis" time="0.313" /><testcase classname="tests.test_p1_p2_features.TestAnalyticsDashboard" name="test_get_sales_summary" time="0.041" /><testcase classname="tests.test_p1_p2_features.TestAnalyticsDashboard" name="test_get_inventory_summary" time="0.037" /><testcase classname="tests.test_p1_p2_features.TestCRMLeads" name="test_get_leads_kanban" time="0.305" /><testcase classname="tests.test_p1_p2_features.TestCRMLeads" name="test_get_leads_list" time="0.040" /></testsuite></testsuites>