<?xml version="1.0" encoding="utf-8"?><testsuites name="pytest tests"><testsuite name="pytest" errors="0" failures="0" skipped="0" tests="9" time="1.659" timestamp="2026-01-23T05:30:44.697938+00:00" hostname="agent-env-ea54e789-a86c-47a1-94ce-8cc855fa9d5e"><testcase classname="tests.test_buying_dna_chat.TestBuyingDNAPatterns" name="test_get_buying_patterns" time="0.332" /><testcase classname="tests.test_buying_dna_chat.TestBuyingDNAPatterns" name="test_get_buying_dna_dashboard" time="0.041" /><testcase classname="tests.test_buying_dna_chat.TestBuyingDNAPatterns" name="test_log_followup" time="0.052" /><testcase classname="tests.test_buying_dna_chat.TestRealtimeChat" name="test_get_chat_rooms" time="0.301" /><testcase classname="tests.test_buying_dna_chat.TestRealtimeChat" name="test_create_chat_room" time="0.077" /><testcase classname="tests.test_buying_dna_chat.TestRealtimeChat" name="test_get_online_users" time="0.034" /><testcase classname="tests.test_buying_dna_chat.TestRealtimeChat" name="test_send_message_rest_fallback" time="0.124" /><testcase classname="tests.test_buying_dna_chat.TestRealtimeChat" name="test_get_room_messages" time="0.254" /><testcase classname="tests.test_buying_dna_chat.TestBuyingDNAAccountPattern" name="test_get_account_pattern_not_found" time="0.300" /></testsuite></testsuites>