<?xml version="1.0" encoding="utf-8"?><testsuites name="pytest tests"><testsuite name="pytest" errors="0" failures="0" skipped="0" tests="8" time="2.928" timestamp="2026-01-23T05:10:40.273479+00:00" hostname="agent-env-ea54e789-a86c-47a1-94ce-8cc855fa9d5e"><testcase classname="tests.test_autonomous_collector.TestAutonomousCollector" name="test_get_debtor_segmentation" time="0.335" /><testcase classname="tests.test_autonomous_collector.TestAutonomousCollector" name="test_get_pending_reminders" time="0.340" /><testcase classname="tests.test_autonomous_collector.TestAutonomousCollector" name="test_get_emergency_status" time="0.295" /><testcase classname="tests.test_autonomous_collector.TestAutonomousCollector" name="test_activate_emergency_control" time="0.448" /><testcase classname="tests.test_autonomous_collector.TestAutonomousCollector" name="test_get_collection_analytics" time="0.295" /><testcase classname="tests.test_autonomous_collector.TestAutonomousCollector" name="test_get_collection_analytics_different_periods" time="0.407" /><testcase classname="tests.test_autonomous_collector.TestAutonomousCollector" name="test_get_quick_actions" time="0.297" /><testcase classname="tests.test_autonomous_collector.TestDebtorBlockUnblock" name="test_block_debtor_requires_admin" time="0.384" /></testsuite></testsuites>