<?xml version="1.0" encoding="utf-8"?><testsuites name="pytest tests"><testsuite name="pytest" errors="0" failures="0" skipped="0" tests="32" time="1.996" timestamp="2026-01-24T10:53:04.246048+00:00" hostname="agent-env-69033714-a0c8-4426-8bd9-0652689b5cd9"><testcase classname="tests.test_iteration_23.TestAuthentication" name="test_login_success" time="0.304" /><testcase classname="tests.test_iteration_23.TestAuthentication" name="test_login_invalid_credentials" time="0.040" /><testcase classname="tests.test_iteration_23.TestCRMModule" name="test_crm_leads_list" time="0.303" /><testcase classname="tests.test_iteration_23.TestCRMModule" name="test_crm_leads_kanban" time="0.052" /><testcase classname="tests.test_iteration_23.TestCRMModule" name="test_crm_leads_stats" time="0.041" /><testcase classname="tests.test_iteration_23.TestCRMModule" name="test_crm_accounts_list" time="0.039" /><testcase classname="tests.test_iteration_23.TestCRMModule" name="test_crm_quotations_list" time="0.050" /><testcase classname="tests.test_iteration_23.TestCRMModule" name="test_crm_samples_list" time="0.043" /><testcase classname="tests.test_iteration_23.TestCRMModule" name="test_crm_followups_list" time="0.041" /><testcase classname="tests.test_iteration_23.TestInventoryModule" name="test_inventory_items_list" time="0.040" /><testcase classname="tests.test_iteration_23.TestInventoryModule" name="test_inventory_warehouses" time="0.045" /><testcase classname="tests.test_iteration_23.TestInventoryModule" name="test_inventory_stock_balance" time="0.040" /><testcase classname="tests.test_iteration_23.TestInventoryModule" name="test_inventory_stats_overview" time="0.084" /><testcase classname="tests.test_iteration_23.TestInventoryModule" name="test_inventory_transfers" time="0.036" /><testcase classname="tests.test_iteration_23.TestProductionModule" name="test_production_dashboard" time="0.043" /><testcase classname="tests.test_iteration_23.TestProductionModule" name="test_production_machines_list" time="0.040" /><testcase classname="tests.test_iteration_23.TestProductionModule" name="test_production_order_sheets_list" time="0.040" /><testcase classname="tests.test_iteration_23.TestProductionModule" name="test_production_work_orders_list" time="0.038" /><testcase classname="tests.test_iteration_23.TestProductionModule" name="test_production_stage_dashboard_coating" time="0.038" /><testcase classname="tests.test_iteration_23.TestProductionModule" name="test_production_stage_dashboard_slitting" time="0.041" /><testcase classname="tests.test_iteration_23.TestProductionModule" name="test_production_inventory_holds" time="0.043" /><testcase classname="tests.test_iteration_23.TestProductionModule" name="test_production_stock_status" time="0.042" /><testcase classname="tests.test_iteration_23.TestProductionModule" name="test_production_available_sales_orders" time="0.039" /><testcase classname="tests.test_iteration_23.TestFieldRegistry" name="test_field_registry_modules" time="0.039" /><testcase classname="tests.test_iteration_23.TestFieldRegistry" name="test_field_registry_crm_leads_config" time="0.040" /><testcase classname="tests.test_iteration_23.TestFieldRegistry" name="test_field_registry_crm_accounts_config" time="0.044" /><testcase classname="tests.test_iteration_23.TestFieldRegistry" name="test_field_registry_inventory_items_config" time="0.044" /><testcase classname="tests.test_iteration_23.TestFieldRegistry" name="test_field_registry_production_work_orders_config" time="0.039" /><testcase classname="tests.test_iteration_23.TestDPRReports" name="test_dpr_stage_wise_report" time="0.043" /><testcase classname="tests.test_iteration_23.TestDPRReports" name="test_dpr_machine_wise_report" time="0.039" /><testcase classname="tests.test_iteration_23.TestDPRReports" name="test_dpr_daily_report" time="0.040" /><testcase classname="tests.test_iteration_23.TestDashboard" name="test_dashboard_overview" time="0.043" /></testsuite></testsuites>