<?xml version="1.0" encoding="utf-8"?><testsuites name="pytest tests"><testsuite name="pytest" errors="0" failures="0" skipped="0" tests="16" time="6.240" timestamp="2026-02-16T14:05:00.048159+00:00" hostname="agent-env-091dea7f-ad94-4f81-9d3a-5fa17665a2a0"><testcase classname="tests.test_postgresql_migration.TestAuthentication" name="test_login_success" time="0.470" /><testcase classname="tests.test_postgresql_migration.TestAuthentication" name="test_login_invalid_credentials" time="0.114" /><testcase classname="tests.test_postgresql_migration.TestDashboard" name="test_dashboard_overview" time="0.506" /><testcase classname="tests.test_postgresql_migration.TestCRMLeadsV1" name="test_get_leads_list" time="0.503" /><testcase classname="tests.test_postgresql_migration.TestCRMLeadsV1" name="test_create_lead" time="0.145" /><testcase classname="tests.test_postgresql_migration.TestCRMLeadsV1" name="test_get_lead_by_id" time="0.251" /><testcase classname="tests.test_postgresql_migration.TestCRMLeadsV1" name="test_update_lead" time="0.233" /><testcase classname="tests.test_postgresql_migration.TestCRMLeadsV1" name="test_delete_lead" time="0.369" /><testcase classname="tests.test_postgresql_migration.TestInventoryItemsV1" name="test_get_items_list" time="0.491" /><testcase classname="tests.test_postgresql_migration.TestInventoryItemsV1" name="test_create_item" time="0.150" /><testcase classname="tests.test_postgresql_migration.TestInventoryItemsV1" name="test_get_item_by_id" time="0.295" /><testcase classname="tests.test_postgresql_migration.TestLegacyCRMRoutes" name="test_legacy_get_leads" time="0.463" /><testcase classname="tests.test_postgresql_migration.TestLegacyCRMRoutes" name="test_legacy_leads_kanban" time="0.153" /><testcase classname="tests.test_postgresql_migration.TestDatabasePersistence" name="test_lead_persistence_create_and_read" time="0.579" /><testcase classname="tests.test_postgresql_migration.TestDatabasePersistence" name="test_lead_update_persistence" time="0.375" /><testcase classname="tests.test_postgresql_migration.TestCleanup" name="test_cleanup_test_leads" time="1.057" /></testsuite></testsuites>