<?xml version="1.0" encoding="utf-8"?><testsuites name="pytest tests"><testsuite name="pytest" errors="0" failures="0" skipped="1" tests="36" time="3.368" timestamp="2026-01-23T17:12:14.639207+00:00" hostname="agent-env-ea54e789-a86c-47a1-94ce-8cc855fa9d5e"><testcase classname="backend.tests.test_pdf_communication.TestPDFAllModules" name="test_work_order_pdf_not_found" time="0.327" /><testcase classname="backend.tests.test_pdf_communication.TestPDFAllModules" name="test_work_order_preview_not_found" time="0.042" /><testcase classname="backend.tests.test_pdf_communication.TestPDFAllModules" name="test_work_order_pdf_unauthorized" time="0.037" /><testcase classname="backend.tests.test_pdf_communication.TestPDFAllModules" name="test_delivery_challan_pdf_not_found" time="0.037" /><testcase classname="backend.tests.test_pdf_communication.TestPDFAllModules" name="test_delivery_challan_preview_not_found" time="0.037" /><testcase classname="backend.tests.test_pdf_communication.TestPDFAllModules" name="test_delivery_challan_pdf_unauthorized" time="0.042" /><testcase classname="backend.tests.test_pdf_communication.TestPDFAllModules" name="test_purchase_order_pdf_not_found" time="0.039" /><testcase classname="backend.tests.test_pdf_communication.TestPDFAllModules" name="test_purchase_order_preview_not_found" time="0.039" /><testcase classname="backend.tests.test_pdf_communication.TestPDFAllModules" name="test_purchase_order_pdf_unauthorized" time="0.046" /><testcase classname="backend.tests.test_pdf_communication.TestPDFAllModules" name="test_sample_pdf_not_found" time="0.046" /><testcase classname="backend.tests.test_pdf_communication.TestPDFAllModules" name="test_sample_preview_not_found" time="0.040" /><testcase classname="backend.tests.test_pdf_communication.TestPDFAllModules" name="test_sample_pdf_unauthorized" time="0.040" /><testcase classname="backend.tests.test_pdf_communication.TestPDFAllModules" name="test_payment_pdf_not_found" time="0.045" /><testcase classname="backend.tests.test_pdf_communication.TestPDFAllModules" name="test_payment_preview_not_found" time="0.038" /><testcase classname="backend.tests.test_pdf_communication.TestPDFAllModules" name="test_payment_pdf_unauthorized" time="0.092" /><testcase classname="backend.tests.test_pdf_communication.TestDocumentCommunication" name="test_email_send_invalid_document_type" time="0.294" /><testcase classname="backend.tests.test_pdf_communication.TestDocumentCommunication" name="test_email_send_document_not_found" time="0.038" /><testcase classname="backend.tests.test_pdf_communication.TestDocumentCommunication" name="test_email_send_unauthorized" time="0.036" /><testcase classname="backend.tests.test_pdf_communication.TestDocumentCommunication" name="test_email_preview_invalid_document_type" time="0.080" /><testcase classname="backend.tests.test_pdf_communication.TestDocumentCommunication" name="test_whatsapp_send_invalid_document_type" time="0.041" /><testcase classname="backend.tests.test_pdf_communication.TestDocumentCommunication" name="test_whatsapp_send_document_not_found" time="0.035" /><testcase classname="backend.tests.test_pdf_communication.TestDocumentCommunication" name="test_whatsapp_send_unauthorized" time="0.039" /><testcase classname="backend.tests.test_pdf_communication.TestDocumentCommunication" name="test_whatsapp_preview_invalid_document_type" time="0.036" /><testcase classname="backend.tests.test_pdf_communication.TestDocumentCommunication" name="test_communication_history_list" time="0.036" /><testcase classname="backend.tests.test_pdf_communication.TestDocumentCommunication" name="test_communication_history_with_filters" time="0.080" /><testcase classname="backend.tests.test_pdf_communication.TestDocumentCommunication" name="test_communication_history_unauthorized" time="0.037" /><testcase classname="backend.tests.test_pdf_communication.TestDocumentCommunication" name="test_document_communication_history" time="0.040" /><testcase classname="backend.tests.test_pdf_communication.TestPDFWithExistingData" name="test_get_existing_invoice_for_pdf" time="0.392" /><testcase classname="backend.tests.test_pdf_communication.TestPDFWithExistingData" name="test_get_existing_quotation_for_pdf" time="0.082" /><testcase classname="backend.tests.test_pdf_communication.TestPDFWithExistingData" name="test_get_existing_work_order_for_pdf" time="0.084" /><testcase classname="backend.tests.test_pdf_communication.TestPDFWithExistingData" name="test_get_existing_purchase_order_for_pdf" time="0.081" /><testcase classname="backend.tests.test_pdf_communication.TestPDFWithExistingData" name="test_get_existing_payment_for_pdf" time="0.036"><skipped type="pytest.skip" message="No payments found in database">/app/backend/tests/test_pdf_communication.py:443: No payments found in database</skipped></testcase><testcase classname="backend.tests.test_pdf_communication.TestEmailSendWithExistingData" name="test_email_send_existing_invoice" time="0.348" /><testcase classname="backend.tests.test_pdf_communication.TestEmailSendWithExistingData" name="test_email_send_existing_quotation" time="0.078" /><testcase classname="backend.tests.test_pdf_communication.TestWhatsAppSendWithExistingData" name="test_whatsapp_send_existing_invoice" time="0.336" /><testcase classname="backend.tests.test_pdf_communication.TestWhatsAppSendWithExistingData" name="test_whatsapp_send_existing_quotation" time="0.081" /></testsuite></testsuites>