<?xml version="1.0" encoding="utf-8"?><testsuites name="pytest tests"><testsuite name="pytest" errors="0" failures="0" skipped="0" tests="21" time="3.831" timestamp="2026-02-16T11:44:40.147285+00:00" hostname="agent-env-d41cebac-46a8-45aa-9289-83294e7f61ef"><testcase classname="tests.test_v1_layered_api.TestAuthentication" name="test_login_success" time="0.475" /><testcase classname="tests.test_v1_layered_api.TestAuthentication" name="test_login_invalid_credentials" time="0.130" /><testcase classname="tests.test_v1_layered_api.TestCRMLeadsV1" name="test_get_leads" time="0.448" /><testcase classname="tests.test_v1_layered_api.TestCRMLeadsV1" name="test_get_leads_kanban_view" time="0.144" /><testcase classname="tests.test_v1_layered_api.TestCRMLeadsV1" name="test_get_leads_with_filter" time="0.051" /><testcase classname="tests.test_v1_layered_api.TestCRMAccountsV1" name="test_get_accounts" time="0.055" /><testcase classname="tests.test_v1_layered_api.TestCRMAccountsV1" name="test_get_accounts_with_type_filter" time="0.051" /><testcase classname="tests.test_v1_layered_api.TestCRMQuotationsV1" name="test_get_quotations" time="0.058" /><testcase classname="tests.test_v1_layered_api.TestCRMSamplesV1" name="test_get_samples" time="0.053" /><testcase classname="tests.test_v1_layered_api.TestInventoryItemsV1" name="test_get_items" time="0.056" /><testcase classname="tests.test_v1_layered_api.TestInventoryItemsV1" name="test_get_low_stock_items" time="0.058" /><testcase classname="tests.test_v1_layered_api.TestInventoryWarehousesV1" name="test_get_warehouses" time="0.047" /><testcase classname="tests.test_v1_layered_api.TestInventoryTransfersV1" name="test_get_transfers" time="0.052" /><testcase classname="tests.test_v1_layered_api.TestInventoryAdjustmentsV1" name="test_get_adjustments" time="0.056" /><testcase classname="tests.test_v1_layered_api.TestInventoryAdjustmentsV1" name="test_get_pending_adjustments" time="0.055" /><testcase classname="tests.test_v1_layered_api.TestProductionMachinesV1" name="test_get_machines" time="1.598" /><testcase classname="tests.test_v1_layered_api.TestProductionMachinesV1" name="test_get_available_machines" time="0.060" /><testcase classname="tests.test_v1_layered_api.TestProductionOrderSheetsV1" name="test_get_order_sheets" time="0.049" /><testcase classname="tests.test_v1_layered_api.TestProductionOrderSheetsV1" name="test_get_pending_order_sheets" time="0.051" /><testcase classname="tests.test_v1_layered_api.TestProductionWorkOrdersV1" name="test_get_work_orders" time="0.051" /><testcase classname="tests.test_v1_layered_api.TestProductionWorkOrdersV1" name="test_get_in_progress_work_orders" time="0.049" /></testsuite></testsuites>