<?xml version="1.0" encoding="utf-8"?><testsuites name="pytest tests"><testsuite name="pytest" errors="0" failures="0" skipped="0" tests="26" time="12.561" timestamp="2026-01-09T09:40:51.354882+00:00" hostname="agent-env-970d1997-84f3-4154-ade6-aa5956ca3083"><testcase classname="tests.test_new_features_iteration4.TestAuth" name="test_login_success" time="0.286" /><testcase classname="tests.test_new_features_iteration4.TestCustomFieldsAPI" name="test_get_modules_returns_12" time="0.295" /><testcase classname="tests.test_new_features_iteration4.TestCustomFieldsAPI" name="test_get_fields_for_module" time="0.037" /><testcase classname="tests.test_new_features_iteration4.TestCustomFieldsAPI" name="test_create_custom_field" time="0.078" /><testcase classname="tests.test_new_features_iteration4.TestCustomFieldsAPI" name="test_seed_defaults" time="0.040" /><testcase classname="tests.test_new_features_iteration4.TestDocumentTemplatesAPI" name="test_get_templates" time="0.293" /><testcase classname="tests.test_new_features_iteration4.TestDocumentTemplatesAPI" name="test_save_template" time="0.076" /><testcase classname="tests.test_new_features_iteration4.TestNotificationsAPI" name="test_get_notification_count" time="0.293" /><testcase classname="tests.test_new_features_iteration4.TestNotificationsAPI" name="test_get_notifications" time="0.034" /><testcase classname="tests.test_new_features_iteration4.TestNotificationsAPI" name="test_generate_alerts" time="0.042" /><testcase classname="tests.test_new_features_iteration4.TestDashboardAPI" name="test_dashboard_overview" time="0.346" /><testcase classname="tests.test_new_features_iteration4.TestDashboardAPI" name="test_revenue_analytics" time="0.037" /><testcase classname="tests.test_new_features_iteration4.TestDashboardAPI" name="test_ai_insights" time="9.515" /><testcase classname="tests.test_new_features_iteration4.TestAdvancedInventoryAPI" name="test_get_batches" time="0.366" /><testcase classname="tests.test_new_features_iteration4.TestAdvancedInventoryAPI" name="test_get_bin_locations" time="0.043" /><testcase classname="tests.test_new_features_iteration4.TestAdvancedInventoryAPI" name="test_get_reorder_alerts" time="0.040" /><testcase classname="tests.test_new_features_iteration4.TestAdvancedInventoryAPI" name="test_get_stock_aging" time="0.040" /><testcase classname="tests.test_new_features_iteration4.TestAdvancedInventoryAPI" name="test_get_stock_valuation" time="0.040" /><testcase classname="tests.test_new_features_iteration4.TestCoreModulesAPI" name="test_crm_leads" time="0.292" /><testcase classname="tests.test_new_features_iteration4.TestCoreModulesAPI" name="test_crm_accounts" time="0.037" /><testcase classname="tests.test_new_features_iteration4.TestCoreModulesAPI" name="test_inventory_items" time="0.039" /><testcase classname="tests.test_new_features_iteration4.TestCoreModulesAPI" name="test_inventory_warehouses" time="0.042" /><testcase classname="tests.test_new_features_iteration4.TestCoreModulesAPI" name="test_production_work_orders" time="0.039" /><testcase classname="tests.test_new_features_iteration4.TestCoreModulesAPI" name="test_accounts_invoices" time="0.038" /><testcase classname="tests.test_new_features_iteration4.TestCoreModulesAPI" name="test_hrms_employees" time="0.040" /><testcase classname="tests.test_new_features_iteration4.TestCoreModulesAPI" name="test_procurement_suppliers" time="0.040" /></testsuite></testsuites>