<?xml version="1.0" encoding="utf-8"?><testsuites name="pytest tests"><testsuite name="pytest" errors="0" failures="0" skipped="0" tests="23" time="3.223" timestamp="2026-02-16T16:36:33.685460+00:00" hostname="agent-env-091dea7f-ad94-4f81-9d3a-5fa17665a2a0"><testcase classname="tests.test_v1_remaining_modules.TestAuthentication" name="test_login_success" time="0.456" /><testcase classname="tests.test_v1_remaining_modules.TestAuthentication" name="test_login_invalid_credentials" time="0.086" /><testcase classname="tests.test_v1_remaining_modules.TestDashboard" name="test_dashboard_overview" time="0.435" /><testcase classname="tests.test_v1_remaining_modules.TestProductionMachines" name="test_list_machines" time="0.087" /><testcase classname="tests.test_v1_remaining_modules.TestProductionMachines" name="test_create_machine" time="0.090" /><testcase classname="tests.test_v1_remaining_modules.TestProductionMachines" name="test_get_machine" time="0.203" /><testcase classname="tests.test_v1_remaining_modules.TestProductionMachines" name="test_update_machine" time="0.208" /><testcase classname="tests.test_v1_remaining_modules.TestProductionMachines" name="test_available_machines" time="0.092" /><testcase classname="tests.test_v1_remaining_modules.TestHRMSEmployees" name="test_list_employees" time="0.077" /><testcase classname="tests.test_v1_remaining_modules.TestHRMSEmployees" name="test_create_employee" time="0.117" /><testcase classname="tests.test_v1_remaining_modules.TestHRMSEmployees" name="test_get_employee" time="0.200" /><testcase classname="tests.test_v1_remaining_modules.TestHRMSEmployees" name="test_update_employee" time="0.138" /><testcase classname="tests.test_v1_remaining_modules.TestAccountsInvoices" name="test_list_invoices" time="0.066" /><testcase classname="tests.test_v1_remaining_modules.TestAccountsInvoices" name="test_create_invoice" time="0.157" /><testcase classname="tests.test_v1_remaining_modules.TestAccountsInvoices" name="test_get_invoice" time="0.177" /><testcase classname="tests.test_v1_remaining_modules.TestAccountsInvoices" name="test_overdue_invoices" time="0.092" /><testcase classname="tests.test_v1_remaining_modules.TestAccountsInvoices" name="test_invoice_aging" time="0.078" /><testcase classname="tests.test_v1_remaining_modules.TestFieldRegistry" name="test_get_modules" time="0.119" /><testcase classname="tests.test_v1_remaining_modules.TestFieldRegistry" name="test_get_masters" time="0.063" /><testcase classname="tests.test_v1_remaining_modules.TestFieldRegistry" name="test_save_field_config" time="0.070" /><testcase classname="tests.test_v1_remaining_modules.TestFieldRegistry" name="test_get_field_config" time="0.075" /><testcase classname="tests.test_v1_remaining_modules.TestFieldRegistry" name="test_get_kanban_stages" time="0.068" /><testcase classname="tests.test_v1_remaining_modules.TestCleanup" name="test_cleanup_test_data" time="0.000" /></testsuite></testsuites>