<?xml version="1.0" encoding="utf-8"?><testsuites name="pytest tests"><testsuite name="pytest" errors="0" failures="0" skipped="0" tests="30" time="2.575" timestamp="2026-01-04T20:47:58.738810+00:00" hostname="agent-env-bee171c9-be56-4b5e-ba9c-7e915644a2fc"><testcase classname="tests.test_inventory_procurement.TestAuth" name="test_login_success" time="0.291" /><testcase classname="tests.test_inventory_procurement.TestInventoryStats" name="test_get_inventory_stats" time="0.323" /><testcase classname="tests.test_inventory_procurement.TestItems" name="test_create_item" time="0.052" /><testcase classname="tests.test_inventory_procurement.TestItems" name="test_get_items_list" time="0.055" /><testcase classname="tests.test_inventory_procurement.TestItems" name="test_get_items_with_filters" time="0.048" /><testcase classname="tests.test_inventory_procurement.TestItems" name="test_get_single_item" time="0.042" /><testcase classname="tests.test_inventory_procurement.TestItems" name="test_update_item" time="0.080" /><testcase classname="tests.test_inventory_procurement.TestItems" name="test_delete_item" time="0.079" /><testcase classname="tests.test_inventory_procurement.TestWarehouses" name="test_create_warehouse" time="0.044" /><testcase classname="tests.test_inventory_procurement.TestWarehouses" name="test_get_warehouses_list" time="0.045" /><testcase classname="tests.test_inventory_procurement.TestWarehouses" name="test_get_single_warehouse" time="0.039" /><testcase classname="tests.test_inventory_procurement.TestStockBalance" name="test_get_stock_balance" time="0.046" /><testcase classname="tests.test_inventory_procurement.TestStockBalance" name="test_get_low_stock_items" time="0.044" /><testcase classname="tests.test_inventory_procurement.TestStockTransfers" name="test_get_transfers_list" time="0.043" /><testcase classname="tests.test_inventory_procurement.TestStockTransfers" name="test_get_transfers_by_status" time="0.039" /><testcase classname="tests.test_inventory_procurement.TestProcurementStats" name="test_get_procurement_stats" time="0.041" /><testcase classname="tests.test_inventory_procurement.TestSuppliers" name="test_create_supplier" time="0.046" /><testcase classname="tests.test_inventory_procurement.TestSuppliers" name="test_get_suppliers_list" time="0.036" /><testcase classname="tests.test_inventory_procurement.TestSuppliers" name="test_get_suppliers_with_filters" time="0.041" /><testcase classname="tests.test_inventory_procurement.TestSuppliers" name="test_get_single_supplier" time="0.040" /><testcase classname="tests.test_inventory_procurement.TestSuppliers" name="test_update_supplier" time="0.072" /><testcase classname="tests.test_inventory_procurement.TestSuppliers" name="test_delete_supplier" time="0.036" /><testcase classname="tests.test_inventory_procurement.TestPurchaseOrders" name="test_create_purchase_order" time="0.214" /><testcase classname="tests.test_inventory_procurement.TestPurchaseOrders" name="test_get_purchase_orders_list" time="0.035" /><testcase classname="tests.test_inventory_procurement.TestPurchaseOrders" name="test_get_purchase_orders_by_status" time="0.042" /><testcase classname="tests.test_inventory_procurement.TestPurchaseOrders" name="test_get_single_purchase_order" time="0.038" /><testcase classname="tests.test_inventory_procurement.TestPurchaseOrders" name="test_update_po_status" time="0.114" /><testcase classname="tests.test_inventory_procurement.TestGRN" name="test_get_grn_list" time="0.047" /><testcase classname="tests.test_inventory_procurement.TestGRN" name="test_get_grn_by_status" time="0.051" /><testcase classname="tests.test_inventory_procurement.TestInventoryProcurementIntegration" name="test_full_procurement_flow" time="0.376" /></testsuite></testsuites>