<?xml version="1.0" encoding="utf-8"?><testsuites name="pytest tests"><testsuite name="pytest" errors="0" failures="0" skipped="0" tests="36" time="4.092" timestamp="2026-01-08T20:17:46.491305+00:00" hostname="agent-env-970d1997-84f3-4154-ade6-aa5956ca3083"><testcase classname="tests.test_new_modules.TestAuth" name="test_login_success" time="0.316" /><testcase classname="tests.test_new_modules.TestHRMSEnhanced" name="test_get_leave_types" time="0.309" /><testcase classname="tests.test_new_modules.TestHRMSEnhanced" name="test_get_holidays_2025" time="0.043" /><testcase classname="tests.test_new_modules.TestHRMSEnhanced" name="test_get_statutory_config" time="0.077" /><testcase classname="tests.test_new_modules.TestHRMSEnhanced" name="test_get_attendance" time="0.052" /><testcase classname="tests.test_new_modules.TestHRMSEnhanced" name="test_get_loans" time="0.115" /><testcase classname="tests.test_new_modules.TestHRMSEnhanced" name="test_get_leave_applications" time="0.053" /><testcase classname="tests.test_new_modules.TestAnalytics" name="test_dashboard_kpis" time="0.306" /><testcase classname="tests.test_new_modules.TestAnalytics" name="test_sales_summary" time="0.038" /><testcase classname="tests.test_new_modules.TestAnalytics" name="test_sales_top_products" time="0.036" /><testcase classname="tests.test_new_modules.TestAnalytics" name="test_inventory_summary" time="0.043" /><testcase classname="tests.test_new_modules.TestAnalytics" name="test_financial_profit_loss" time="0.042" /><testcase classname="tests.test_new_modules.TestGSTCompliance" name="test_gstr1_report" time="0.312" /><testcase classname="tests.test_new_modules.TestGSTCompliance" name="test_gstr3b_report" time="0.048" /><testcase classname="tests.test_new_modules.TestGSTCompliance" name="test_itc_summary" time="0.046" /><testcase classname="tests.test_new_modules.TestGSTCompliance" name="test_eway_bills_list" time="0.047" /><testcase classname="tests.test_new_modules.TestInventoryAdvanced" name="test_batches_list" time="0.302" /><testcase classname="tests.test_new_modules.TestInventoryAdvanced" name="test_bin_locations_list" time="0.036" /><testcase classname="tests.test_new_modules.TestInventoryAdvanced" name="test_reorder_alerts" time="0.040" /><testcase classname="tests.test_new_modules.TestNotifications" name="test_notifications_list" time="0.339" /><testcase classname="tests.test_new_modules.TestNotifications" name="test_notifications_count" time="0.039" /><testcase classname="tests.test_new_modules.TestNotifications" name="test_generate_alerts" time="0.047" /><testcase classname="tests.test_new_modules.TestPOSTEndpoints" name="test_create_leave_type" time="0.338" /><testcase classname="tests.test_new_modules.TestPOSTEndpoints" name="test_create_notification" time="0.039" /><testcase classname="tests.test_new_modules.TestPOSTEndpoints" name="test_create_bin_location" time="0.117" /><testcase classname="tests.test_new_modules.TestAdditionalEndpoints" name="test_sales_trend" time="0.349" /><testcase classname="tests.test_new_modules.TestAdditionalEndpoints" name="test_sales_top_customers" time="0.039" /><testcase classname="tests.test_new_modules.TestAdditionalEndpoints" name="test_purchases_summary" time="0.047" /><testcase classname="tests.test_new_modules.TestAdditionalEndpoints" name="test_inventory_movement" time="0.041" /><testcase classname="tests.test_new_modules.TestAdditionalEndpoints" name="test_financial_cash_flow" time="0.035" /><testcase classname="tests.test_new_modules.TestAdditionalEndpoints" name="test_hsn_summary" time="0.040" /><testcase classname="tests.test_new_modules.TestAdditionalEndpoints" name="test_expiring_batches" time="0.041" /><testcase classname="tests.test_new_modules.TestAdditionalEndpoints" name="test_stock_aging" time="0.040" /><testcase classname="tests.test_new_modules.TestAdditionalEndpoints" name="test_stock_valuation" time="0.035" /><testcase classname="tests.test_new_modules.TestAdditionalEndpoints" name="test_payment_due_reminders" time="0.077" /><testcase classname="tests.test_new_modules.TestAdditionalEndpoints" name="test_activity_log" time="0.039" /></testsuite></testsuites>