<?xml version="1.0" encoding="utf-8"?><testsuites name="pytest tests"><testsuite name="pytest" errors="0" failures="0" skipped="0" tests="8" time="3.287" timestamp="2026-01-23T16:54:24.192432+00:00" hostname="agent-env-ea54e789-a86c-47a1-94ce-8cc855fa9d5e"><testcase classname="tests.test_pdf_generator.TestPDFGenerator" name="test_invoice_pdf_download_success" time="0.391" /><testcase classname="tests.test_pdf_generator.TestPDFGenerator" name="test_invoice_pdf_preview_success" time="0.350" /><testcase classname="tests.test_pdf_generator.TestPDFGenerator" name="test_invoice_pdf_not_found" time="0.395" /><testcase classname="tests.test_pdf_generator.TestPDFGenerator" name="test_invoice_pdf_unauthorized" time="0.377" /><testcase classname="tests.test_pdf_generator.TestPDFGenerator" name="test_quotation_pdf_download_success" time="0.391" /><testcase classname="tests.test_pdf_generator.TestPDFGenerator" name="test_quotation_pdf_preview_success" time="0.424" /><testcase classname="tests.test_pdf_generator.TestPDFGenerator" name="test_quotation_pdf_not_found" time="0.393" /><testcase classname="tests.test_pdf_generator.TestPDFGenerator" name="test_quotation_pdf_unauthorized" time="0.327" /></testsuite></testsuites>