<?xml version="1.0" encoding="utf-8"?><testsuites name="pytest tests"><testsuite name="pytest" errors="0" failures="0" skipped="0" tests="21" time="2.696" timestamp="2026-01-22T21:51:26.897905+00:00" hostname="agent-env-b9bd88b4-d5dc-40d1-b214-93478315a6b8"><testcase classname="backend.tests.test_new_features_iter9.TestAuthentication" name="test_login_success" time="0.310" /><testcase classname="backend.tests.test_new_features_iter9.TestChatSystem" name="test_get_conversations" time="0.306" /><testcase classname="backend.tests.test_new_features_iter9.TestChatSystem" name="test_get_chat_users" time="0.042" /><testcase classname="backend.tests.test_new_features_iter9.TestChatSystem" name="test_get_tasks" time="0.042" /><testcase classname="backend.tests.test_new_features_iter9.TestChatSystem" name="test_create_task" time="0.097" /><testcase classname="backend.tests.test_new_features_iter9.TestDriveSystem" name="test_get_storage_stats" time="0.310" /><testcase classname="backend.tests.test_new_features_iter9.TestDriveSystem" name="test_get_folders" time="0.042" /><testcase classname="backend.tests.test_new_features_iter9.TestDriveSystem" name="test_get_files" time="0.042" /><testcase classname="backend.tests.test_new_features_iter9.TestDriveSystem" name="test_create_folder" time="0.054" /><testcase classname="backend.tests.test_new_features_iter9.TestBulkImport" name="test_download_customers_template" time="0.330" /><testcase classname="backend.tests.test_new_features_iter9.TestBulkImport" name="test_download_items_template" time="0.052" /><testcase classname="backend.tests.test_new_features_iter9.TestBulkImport" name="test_download_opening_balance_template" time="0.045" /><testcase classname="backend.tests.test_new_features_iter9.TestBulkImport" name="test_download_opening_stock_template" time="0.047" /><testcase classname="backend.tests.test_new_features_iter9.TestEInvoice" name="test_get_einvoice_summary" time="0.304" /><testcase classname="backend.tests.test_new_features_iter9.TestEInvoice" name="test_get_pending_invoices" time="0.045" /><testcase classname="backend.tests.test_new_features_iter9.TestEInvoice" name="test_get_einvoice_logs" time="0.039" /><testcase classname="backend.tests.test_new_features_iter9.TestEInvoice" name="test_get_credentials_admin_only" time="0.036" /><testcase classname="backend.tests.test_new_features_iter9.TestNavigationLinks" name="test_chat_route_accessible" time="0.295" /><testcase classname="backend.tests.test_new_features_iter9.TestNavigationLinks" name="test_drive_route_accessible" time="0.038" /><testcase classname="backend.tests.test_new_features_iter9.TestNavigationLinks" name="test_bulk_import_route_accessible" time="0.048" /><testcase classname="backend.tests.test_new_features_iter9.TestNavigationLinks" name="test_einvoice_route_accessible" time="0.078" /></testsuite></testsuites>