<?xml version="1.0" encoding="utf-8"?><testsuites name="pytest tests"><testsuite name="pytest" errors="0" failures="0" skipped="0" tests="22" time="3.162" timestamp="2026-01-23T20:38:58.152155+00:00" hostname="agent-env-9afeb614-9d4d-4c29-bdbc-41f9249709e2"><testcase classname="backend.tests.test_production_stages.TestProductionStagesAuth" name="test_login_success" time="0.286" /><testcase classname="backend.tests.test_production_stages.TestProductionDashboard" name="test_dashboard_returns_correct_structure" time="0.302" /><testcase classname="backend.tests.test_production_stages.TestProductionDashboard" name="test_dashboard_requires_auth" time="0.079" /><testcase classname="backend.tests.test_production_stages.TestMachineMaster" name="test_get_machines_list" time="0.309" /><testcase classname="backend.tests.test_production_stages.TestMachineMaster" name="test_get_machines_filter_by_type" time="0.038" /><testcase classname="backend.tests.test_production_stages.TestMachineMaster" name="test_get_machines_filter_by_location" time="0.040" /><testcase classname="backend.tests.test_production_stages.TestMachineMaster" name="test_create_machine" time="0.075" /><testcase classname="backend.tests.test_production_stages.TestMachineMaster" name="test_create_machine_duplicate_code_fails" time="0.114" /><testcase classname="backend.tests.test_production_stages.TestMachineMaster" name="test_update_machine" time="0.146" /><testcase classname="backend.tests.test_production_stages.TestStageDashboards" name="test_stage_dashboard_returns_correct_structure[coating]" time="0.300" /><testcase classname="backend.tests.test_production_stages.TestStageDashboards" name="test_stage_dashboard_returns_correct_structure[slitting]" time="0.080" /><testcase classname="backend.tests.test_production_stages.TestStageDashboards" name="test_stage_dashboard_returns_correct_structure[rewinding]" time="0.040" /><testcase classname="backend.tests.test_production_stages.TestStageDashboards" name="test_stage_dashboard_returns_correct_structure[cutting]" time="0.040" /><testcase classname="backend.tests.test_production_stages.TestStageDashboards" name="test_stage_dashboard_returns_correct_structure[packing]" time="0.037" /><testcase classname="backend.tests.test_production_stages.TestStageDashboards" name="test_stage_dashboard_returns_correct_structure[ready_to_deliver]" time="0.038" /><testcase classname="backend.tests.test_production_stages.TestStageDashboards" name="test_stage_dashboard_returns_correct_structure[delivered]" time="0.041" /><testcase classname="backend.tests.test_production_stages.TestStageDashboards" name="test_invalid_stage_returns_400" time="0.038" /><testcase classname="backend.tests.test_production_stages.TestOrderSheets" name="test_get_order_sheets_list" time="0.307" /><testcase classname="backend.tests.test_production_stages.TestWorkOrderStages" name="test_get_work_order_stages_list" time="0.292" /><testcase classname="backend.tests.test_production_stages.TestWorkOrderStages" name="test_filter_work_orders_by_stage" time="0.041" /><testcase classname="backend.tests.test_production_stages.TestReports" name="test_stage_wise_report" time="0.298" /><testcase classname="backend.tests.test_production_stages.TestReports" name="test_machine_wise_report" time="0.038" /></testsuite></testsuites>