<?xml version="1.0" encoding="utf-8"?><testsuites name="pytest tests"><testsuite name="pytest" errors="0" failures="0" skipped="0" tests="16" time="4.991" timestamp="2026-02-16T12:04:30.473826+00:00" hostname="agent-env-d41cebac-46a8-45aa-9289-83294e7f61ef"><testcase classname="backend.tests.test_v1_quality_sales_settings.TestAuthentication" name="test_login_successful" time="0.475" /><testcase classname="backend.tests.test_v1_quality_sales_settings.TestQualityInspectionsV1" name="test_get_inspections" time="0.439" /><testcase classname="backend.tests.test_v1_quality_sales_settings.TestQualityInspectionsV1" name="test_get_failed_inspections" time="0.113" /><testcase classname="backend.tests.test_v1_quality_sales_settings.TestQualityInspectionsV1" name="test_get_inspection_stats" time="0.113" /><testcase classname="backend.tests.test_v1_quality_sales_settings.TestQualityComplaintsV1" name="test_get_complaints" time="0.461" /><testcase classname="backend.tests.test_v1_quality_sales_settings.TestQualityComplaintsV1" name="test_get_open_complaints" time="0.104" /><testcase classname="backend.tests.test_v1_quality_sales_settings.TestQualityComplaintsV1" name="test_get_complaint_stats" time="0.134" /><testcase classname="backend.tests.test_v1_quality_sales_settings.TestSalesIncentivesTargetsV1" name="test_get_targets" time="0.425" /><testcase classname="backend.tests.test_v1_quality_sales_settings.TestSalesIncentivesTargetsV1" name="test_get_active_targets" time="0.102" /><testcase classname="backend.tests.test_v1_quality_sales_settings.TestSalesIncentivesSlabsV1" name="test_get_slabs" time="0.454" /><testcase classname="backend.tests.test_v1_quality_sales_settings.TestSalesIncentivesPayoutsV1" name="test_get_payouts" time="0.432" /><testcase classname="backend.tests.test_v1_quality_sales_settings.TestSalesIncentivesPayoutsV1" name="test_get_pending_approval_payouts" time="0.144" /><testcase classname="backend.tests.test_v1_quality_sales_settings.TestSettingsFieldRegistryV1" name="test_get_field_configurations" time="0.441" /><testcase classname="backend.tests.test_v1_quality_sales_settings.TestSettingsFieldRegistryV1" name="test_get_available_modules" time="0.104" /><testcase classname="backend.tests.test_v1_quality_sales_settings.TestSettingsBranchesV1" name="test_get_branches" time="0.444" /><testcase classname="backend.tests.test_v1_quality_sales_settings.TestSettingsUsersV1" name="test_get_users" time="0.445" /></testsuite></testsuites>