<?xml version="1.0" encoding="utf-8"?><testsuites name="pytest tests"><testsuite name="pytest" errors="0" failures="0" skipped="0" tests="24" time="130.428" timestamp="2026-01-22T20:09:24.695156+00:00" hostname="agent-env-970d1997-84f3-4154-ade6-aa5956ca3083"><testcase classname="backend.tests.test_ai_bi_dashboard.TestAIBIDashboard" name="test_nl_query_basic" time="2.402" /><testcase classname="backend.tests.test_ai_bi_dashboard.TestAIBIDashboard" name="test_nl_query_top_products" time="2.078" /><testcase classname="backend.tests.test_ai_bi_dashboard.TestAIBIDashboard" name="test_nl_query_with_context" time="1.509" /><testcase classname="backend.tests.test_ai_bi_dashboard.TestAIBIDashboard" name="test_nl_query_empty_query_validation" time="2.667" /><testcase classname="backend.tests.test_ai_bi_dashboard.TestAIBIDashboard" name="test_generate_insights_all_areas" time="6.286" /><testcase classname="backend.tests.test_ai_bi_dashboard.TestAIBIDashboard" name="test_generate_insights_sales" time="7.614" /><testcase classname="backend.tests.test_ai_bi_dashboard.TestAIBIDashboard" name="test_generate_insights_inventory" time="7.845" /><testcase classname="backend.tests.test_ai_bi_dashboard.TestAIBIDashboard" name="test_generate_insights_production" time="6.549" /><testcase classname="backend.tests.test_ai_bi_dashboard.TestAIBIDashboard" name="test_generate_insights_finance" time="6.409" /><testcase classname="backend.tests.test_ai_bi_dashboard.TestAIBIDashboard" name="test_predict_sales" time="6.340" /><testcase classname="backend.tests.test_ai_bi_dashboard.TestAIBIDashboard" name="test_predict_inventory" time="6.476" /><testcase classname="backend.tests.test_ai_bi_dashboard.TestAIBIDashboard" name="test_predict_cash_flow" time="6.114" /><testcase classname="backend.tests.test_ai_bi_dashboard.TestAIBIDashboard" name="test_predict_different_horizons" time="30.270" /><testcase classname="backend.tests.test_ai_bi_dashboard.TestAIBIDashboard" name="test_smart_alerts_all" time="5.159" /><testcase classname="backend.tests.test_ai_bi_dashboard.TestAIBIDashboard" name="test_smart_alerts_sales" time="5.288" /><testcase classname="backend.tests.test_ai_bi_dashboard.TestAIBIDashboard" name="test_smart_alerts_inventory" time="5.269" /><testcase classname="backend.tests.test_ai_bi_dashboard.TestAIBIDashboard" name="test_smart_alerts_production" time="5.882" /><testcase classname="backend.tests.test_ai_bi_dashboard.TestAIBIDashboard" name="test_smart_alerts_payments" time="5.573" /><testcase classname="backend.tests.test_ai_bi_dashboard.TestAIBIDashboard" name="test_query_history" time="2.737" /><testcase classname="backend.tests.test_ai_bi_dashboard.TestAIBIDashboard" name="test_alerts_history" time="6.478" /><testcase classname="backend.tests.test_ai_bi_dashboard.TestAIBIDashboard" name="test_nl_query_without_auth" time="0.335" /><testcase classname="backend.tests.test_ai_bi_dashboard.TestAIBIDashboard" name="test_insights_without_auth" time="0.344" /><testcase classname="backend.tests.test_ai_bi_dashboard.TestAIBIDashboard" name="test_predict_without_auth" time="0.302" /><testcase classname="backend.tests.test_ai_bi_dashboard.TestAIBIDashboard" name="test_alerts_without_auth" time="0.304" /></testsuite></testsuites>