<?xml version="1.0" encoding="utf-8"?><testsuites name="pytest tests"><testsuite name="pytest" errors="0" failures="0" skipped="0" tests="21" time="6.350" timestamp="2026-01-23T18:23:00.968073+00:00" hostname="agent-env-3d8ccbe2-51ef-4f20-9d86-3e6cd62957ec"><testcase classname="backend.tests.test_field_registry.TestFieldRegistryAuth" name="test_modules_endpoint_requires_auth" time="0.337" /><testcase classname="backend.tests.test_field_registry.TestFieldRegistryAuth" name="test_config_endpoint_requires_auth" time="0.342" /><testcase classname="backend.tests.test_field_registry.TestFieldRegistryModules" name="test_get_modules_returns_all_modules" time="0.276" /><testcase classname="backend.tests.test_field_registry.TestFieldRegistryModules" name="test_crm_module_has_correct_entities" time="0.263" /><testcase classname="backend.tests.test_field_registry.TestFieldRegistryModules" name="test_modules_have_labels" time="0.274" /><testcase classname="backend.tests.test_field_registry.TestFieldRegistryLeadsConfig" name="test_leads_config_returns_correct_structure" time="0.485" /><testcase classname="backend.tests.test_field_registry.TestFieldRegistryLeadsConfig" name="test_leads_has_9_kanban_stages" time="0.273" /><testcase classname="backend.tests.test_field_registry.TestFieldRegistryLeadsConfig" name="test_leads_has_20_fields" time="0.269" /><testcase classname="backend.tests.test_field_registry.TestFieldRegistryLeadsConfig" name="test_leads_fields_have_sections" time="0.273" /><testcase classname="backend.tests.test_field_registry.TestFieldRegistryLeadsConfig" name="test_leads_required_fields" time="0.275" /><testcase classname="backend.tests.test_field_registry.TestFieldRegistryLeadsConfig" name="test_leads_source_field_has_options" time="0.276" /><testcase classname="backend.tests.test_field_registry.TestFieldRegistryAccountsConfig" name="test_accounts_config_returns_correct_structure" time="0.266" /><testcase classname="backend.tests.test_field_registry.TestFieldRegistryAccountsConfig" name="test_accounts_has_fields" time="0.263" /><testcase classname="backend.tests.test_field_registry.TestFieldRegistryQuotationsConfig" name="test_quotations_config_returns_correct_structure" time="0.307" /><testcase classname="backend.tests.test_field_registry.TestFieldRegistrySamplesConfig" name="test_samples_config_returns_correct_structure" time="0.267" /><testcase classname="backend.tests.test_field_registry.TestFieldRegistryMasters" name="test_masters_endpoint_returns_list" time="0.274" /><testcase classname="backend.tests.test_field_registry.TestFieldRegistryMasters" name="test_masters_have_required_fields" time="0.262" /><testcase classname="backend.tests.test_field_registry.TestFieldRegistrySaveConfig" name="test_save_config_requires_admin_role" time="0.299" /><testcase classname="backend.tests.test_field_registry.TestFieldRegistrySaveConfig" name="test_save_config_returns_success_message" time="0.308" /><testcase classname="backend.tests.test_field_registry.TestFieldRegistryStages" name="test_get_stages_for_leads" time="0.307" /><testcase classname="backend.tests.test_field_registry.TestFieldRegistryNonAdminAccess" name="test_non_admin_cannot_save_config" time="0.278" /></testsuite></testsuites>