<?xml version="1.0" encoding="utf-8"?><testsuites name="pytest tests"><testsuite name="pytest" errors="0" failures="0" skipped="0" tests="15" time="8.412" timestamp="2026-02-16T11:55:03.143427+00:00" hostname="agent-env-d41cebac-46a8-45aa-9289-83294e7f61ef"><testcase classname="backend.tests.test_v1_accounts_hrms_procurement.TestAuthentication" name="test_login_successful" time="3.089" /><testcase classname="backend.tests.test_v1_accounts_hrms_procurement.TestAccountsInvoicesV1" name="test_get_invoices" time="0.491" /><testcase classname="backend.tests.test_v1_accounts_hrms_procurement.TestAccountsInvoicesV1" name="test_get_overdue_invoices" time="0.114" /><testcase classname="backend.tests.test_v1_accounts_hrms_procurement.TestAccountsInvoicesV1" name="test_get_invoice_aging" time="0.117" /><testcase classname="backend.tests.test_v1_accounts_hrms_procurement.TestAccountsPaymentsV1" name="test_get_payments" time="0.456" /><testcase classname="backend.tests.test_v1_accounts_hrms_procurement.TestHRMSEmployeesV1" name="test_get_employees" time="0.648" /><testcase classname="backend.tests.test_v1_accounts_hrms_procurement.TestHRMSEmployeesV1" name="test_get_employees_with_filter" time="0.116" /><testcase classname="backend.tests.test_v1_accounts_hrms_procurement.TestHRMSAttendanceV1" name="test_get_attendance" time="0.504" /><testcase classname="backend.tests.test_v1_accounts_hrms_procurement.TestHRMSLeaveRequestsV1" name="test_get_leave_requests" time="0.506" /><testcase classname="backend.tests.test_v1_accounts_hrms_procurement.TestHRMSLeaveRequestsV1" name="test_get_pending_leave_requests" time="0.133" /><testcase classname="backend.tests.test_v1_accounts_hrms_procurement.TestHRMSPayrollV1" name="test_get_payroll" time="0.500" /><testcase classname="backend.tests.test_v1_accounts_hrms_procurement.TestProcurementSuppliersV1" name="test_get_suppliers" time="0.463" /><testcase classname="backend.tests.test_v1_accounts_hrms_procurement.TestProcurementPurchaseOrdersV1" name="test_get_purchase_orders" time="0.511" /><testcase classname="backend.tests.test_v1_accounts_hrms_procurement.TestProcurementPurchaseOrdersV1" name="test_get_pending_purchase_orders" time="0.133" /><testcase classname="backend.tests.test_v1_accounts_hrms_procurement.TestProcurementGRNV1" name="test_get_grns" time="0.433" /></testsuite></testsuites>